
MercadoPago\Payment::__set_state(array(
   'id' => NULL,
   'acquirer' => NULL,
   'acquirer_reconciliation' => NULL,
   'site_id' => NULL,
   'sponsor_id' => NULL,
   'operation_type' => NULL,
   'order_id' => NULL,
   'order' => NULL,
   'binary_mode' => false,
   'external_reference' => '229899057',
   'status' => NULL,
   'status_detail' => NULL,
   'store_id' => NULL,
   'taxes_amount' => NULL,
   'payment_type' => NULL,
   'date_created' => NULL,
   'last_modified' => NULL,
   'live_mode' => NULL,
   'date_last_updated' => NULL,
   'date_of_expiration' => NULL,
   'deduction_schema' => NULL,
   'date_approved' => NULL,
   'money_release_date' => NULL,
   'money_release_schema' => NULL,
   'currency_id' => NULL,
   'transaction_amount' => 0.0,
   'transaction_amount_refunded' => NULL,
   'shipping_cost' => NULL,
   'total_paid_amount' => NULL,
   'finance_charge' => NULL,
   'net_received_amount' => NULL,
   'marketplace' => NULL,
   'marketplace_fee' => NULL,
   'reason' => NULL,
   'payer' => 
  MercadoPago\Payer::__set_state(array(
     'id' => NULL,
     'entity_type' => NULL,
     'type' => NULL,
     'name' => NULL,
     'surname' => NULL,
     'first_name' => NULL,
     'last_name' => NULL,
     'email' => 'WESLEYSILVA24061997@GMAIL.COM',
     'date_created' => NULL,
     'phone' => NULL,
     'identification' => NULL,
     'address' => NULL,
     '_last' => NULL,
     'error' => NULL,
     '_pagination_params' => NULL,
     '_empty' => false,
  )),
   'collector' => NULL,
   'collector_id' => NULL,
   'counter_currency' => NULL,
   'payment_method_id' => 'master',
   'payment_type_id' => NULL,
   'pos_id' => NULL,
   'transaction_details' => NULL,
   'fee_details' => NULL,
   'differential_pricing_id' => NULL,
   'application_fee' => NULL,
   'authorization_code' => NULL,
   'capture' => NULL,
   'captured' => NULL,
   'card' => NULL,
   'call_for_authorize_id' => NULL,
   'statement_descriptor' => 'NOSSOLOVE',
   'refunds' => NULL,
   'shipping_amount' => NULL,
   'additional_info' => NULL,
   'campaign_id' => NULL,
   'coupon_amount' => NULL,
   'installments' => 1,
   'token' => 'b9b1eed5716f1fc0be208f663547375a',
   'description' => 'ASSINATURA',
   'notification_url' => 'https://www.nossolove.com/account/mercadopago/retorno/retorno.php',
   'issuer_id' => NULL,
   'processing_mode' => NULL,
   'merchant_account_id' => NULL,
   'merchant_number' => NULL,
   'metadata' => NULL,
   'callback_url' => NULL,
   'amount_refunded' => NULL,
   'coupon_code' => NULL,
   'barcode' => NULL,
   'marketplace_owner' => NULL,
   '_last' => NULL,
   'error' => 
  MercadoPago\RecuperableError::__set_state(array(
     'message' => 'transaction_amount attribute can\'t be null',
     'status' => 400,
     'error' => 'bad_request',
     'causes' => 
    array (
      0 => 
      MercadoPago\ErrorCause::__set_state(array(
         'code' => 4002,
         'description' => 'transaction_amount attribute can\'t be null',
      )),
    ),
  )),
   '_pagination_params' => NULL,
   '_empty' => false,
))


MercadoPago\Payment::__set_state(array(
   'id' => NULL,
   'acquirer' => NULL,
   'acquirer_reconciliation' => NULL,
   'site_id' => NULL,
   'sponsor_id' => NULL,
   'operation_type' => NULL,
   'order_id' => NULL,
   'order' => NULL,
   'binary_mode' => false,
   'external_reference' => '22101121',
   'status' => NULL,
   'status_detail' => NULL,
   'store_id' => NULL,
   'taxes_amount' => NULL,
   'payment_type' => NULL,
   'date_created' => NULL,
   'last_modified' => NULL,
   'live_mode' => NULL,
   'date_last_updated' => NULL,
   'date_of_expiration' => NULL,
   'deduction_schema' => NULL,
   'date_approved' => NULL,
   'money_release_date' => NULL,
   'money_release_schema' => NULL,
   'currency_id' => NULL,
   'transaction_amount' => 1.0,
   'transaction_amount_refunded' => NULL,
   'shipping_cost' => NULL,
   'total_paid_amount' => NULL,
   'finance_charge' => NULL,
   'net_received_amount' => NULL,
   'marketplace' => NULL,
   'marketplace_fee' => NULL,
   'reason' => NULL,
   'payer' => NULL,
   'collector' => NULL,
   'collector_id' => NULL,
   'counter_currency' => NULL,
   'payment_method_id' => 'master',
   'payment_type_id' => NULL,
   'pos_id' => NULL,
   'transaction_details' => NULL,
   'fee_details' => NULL,
   'differential_pricing_id' => NULL,
   'application_fee' => NULL,
   'authorization_code' => NULL,
   'capture' => NULL,
   'captured' => NULL,
   'card' => NULL,
   'call_for_authorize_id' => NULL,
   'statement_descriptor' => 'NOSSOLOVE',
   'refunds' => NULL,
   'shipping_amount' => NULL,
   'additional_info' => NULL,
   'campaign_id' => NULL,
   'coupon_amount' => NULL,
   'installments' => 1,
   'token' => '64169fcf9ec40b9410330d1e437cd12c',
   'description' => 'ASSINATURA',
   'notification_url' => 'https://www.nossolove.com/account/mercadopago/retorno/retorno.php',
   'issuer_id' => 0,
   'processing_mode' => NULL,
   'merchant_account_id' => NULL,
   'merchant_number' => NULL,
   'metadata' => NULL,
   'callback_url' => NULL,
   'amount_refunded' => NULL,
   'coupon_code' => NULL,
   'barcode' => NULL,
   'marketplace_owner' => NULL,
   '_last' => NULL,
   'error' => 
  MercadoPago\RecuperableError::__set_state(array(
     'message' => 'Binary Mode can\'t be false.',
     'status' => 400,
     'error' => 'bad_request',
     'causes' => 
    array (
      0 => 
      MercadoPago\ErrorCause::__set_state(array(
         'code' => 2056,
         'description' => 'Binary Mode can\'t be false.',
      )),
    ),
  )),
   '_pagination_params' => NULL,
   '_empty' => false,
))


MercadoPago\Payment::__set_state(array(
   'id' => NULL,
   'acquirer' => NULL,
   'acquirer_reconciliation' => NULL,
   'site_id' => NULL,
   'sponsor_id' => NULL,
   'operation_type' => NULL,
   'order_id' => NULL,
   'order' => NULL,
   'binary_mode' => false,
   'external_reference' => '2210151564',
   'status' => NULL,
   'status_detail' => NULL,
   'store_id' => NULL,
   'taxes_amount' => NULL,
   'payment_type' => NULL,
   'date_created' => NULL,
   'last_modified' => NULL,
   'live_mode' => NULL,
   'date_last_updated' => NULL,
   'date_of_expiration' => NULL,
   'deduction_schema' => NULL,
   'date_approved' => NULL,
   'money_release_date' => NULL,
   'money_release_schema' => NULL,
   'currency_id' => NULL,
   'transaction_amount' => 1.0,
   'transaction_amount_refunded' => NULL,
   'shipping_cost' => NULL,
   'total_paid_amount' => NULL,
   'finance_charge' => NULL,
   'net_received_amount' => NULL,
   'marketplace' => NULL,
   'marketplace_fee' => NULL,
   'reason' => NULL,
   'payer' => NULL,
   'collector' => NULL,
   'collector_id' => NULL,
   'counter_currency' => NULL,
   'payment_method_id' => 'master',
   'payment_type_id' => NULL,
   'pos_id' => NULL,
   'transaction_details' => NULL,
   'fee_details' => NULL,
   'differential_pricing_id' => NULL,
   'application_fee' => NULL,
   'authorization_code' => NULL,
   'capture' => NULL,
   'captured' => NULL,
   'card' => NULL,
   'call_for_authorize_id' => NULL,
   'statement_descriptor' => 'NOSSOLOVE',
   'refunds' => NULL,
   'shipping_amount' => NULL,
   'additional_info' => NULL,
   'campaign_id' => NULL,
   'coupon_amount' => NULL,
   'installments' => 1,
   'token' => 'c332888a1f6a20dd1fe963d79b11da66',
   'description' => 'ASSINATURA',
   'notification_url' => 'https://www.nossolove.com/account/mercadopago/retorno/retorno.php',
   'issuer_id' => 0,
   'processing_mode' => NULL,
   'merchant_account_id' => NULL,
   'merchant_number' => NULL,
   'metadata' => NULL,
   'callback_url' => NULL,
   'amount_refunded' => NULL,
   'coupon_code' => NULL,
   'barcode' => NULL,
   'marketplace_owner' => NULL,
   '_last' => NULL,
   'error' => 
  MercadoPago\RecuperableError::__set_state(array(
     'message' => 'Binary Mode can\'t be false.',
     'status' => 400,
     'error' => 'bad_request',
     'causes' => 
    array (
      0 => 
      MercadoPago\ErrorCause::__set_state(array(
         'code' => 2056,
         'description' => 'Binary Mode can\'t be false.',
      )),
    ),
  )),
   '_pagination_params' => NULL,
   '_empty' => false,
))


MercadoPago\Payment::__set_state(array(
   'id' => NULL,
   'acquirer' => NULL,
   'acquirer_reconciliation' => NULL,
   'site_id' => NULL,
   'sponsor_id' => NULL,
   'operation_type' => NULL,
   'order_id' => NULL,
   'order' => NULL,
   'binary_mode' => false,
   'external_reference' => '2210118739',
   'status' => NULL,
   'status_detail' => NULL,
   'store_id' => NULL,
   'taxes_amount' => NULL,
   'payment_type' => NULL,
   'date_created' => NULL,
   'last_modified' => NULL,
   'live_mode' => NULL,
   'date_last_updated' => NULL,
   'date_of_expiration' => NULL,
   'deduction_schema' => NULL,
   'date_approved' => NULL,
   'money_release_date' => NULL,
   'money_release_schema' => NULL,
   'currency_id' => NULL,
   'transaction_amount' => 1.0,
   'transaction_amount_refunded' => NULL,
   'shipping_cost' => NULL,
   'total_paid_amount' => NULL,
   'finance_charge' => NULL,
   'net_received_amount' => NULL,
   'marketplace' => NULL,
   'marketplace_fee' => NULL,
   'reason' => NULL,
   'payer' => NULL,
   'collector' => NULL,
   'collector_id' => NULL,
   'counter_currency' => NULL,
   'payment_method_id' => 'master',
   'payment_type_id' => NULL,
   'pos_id' => NULL,
   'transaction_details' => NULL,
   'fee_details' => NULL,
   'differential_pricing_id' => NULL,
   'application_fee' => NULL,
   'authorization_code' => NULL,
   'capture' => NULL,
   'captured' => NULL,
   'card' => NULL,
   'call_for_authorize_id' => NULL,
   'statement_descriptor' => 'NOSSOLOVE',
   'refunds' => NULL,
   'shipping_amount' => NULL,
   'additional_info' => NULL,
   'campaign_id' => NULL,
   'coupon_amount' => NULL,
   'installments' => 1,
   'token' => 'fb8b3e697326d1c5ddeb62f0189ee6f0',
   'description' => 'ASSINATURA',
   'notification_url' => 'https://www.nossolove.com/account/mercadopago/retorno/retorno.php',
   'issuer_id' => NULL,
   'processing_mode' => NULL,
   'merchant_account_id' => NULL,
   'merchant_number' => NULL,
   'metadata' => NULL,
   'callback_url' => NULL,
   'amount_refunded' => NULL,
   'coupon_code' => NULL,
   'barcode' => NULL,
   'marketplace_owner' => NULL,
   '_last' => NULL,
   'error' => 
  MercadoPago\RecuperableError::__set_state(array(
     'message' => 'Binary Mode can\'t be false.',
     'status' => 400,
     'error' => 'bad_request',
     'causes' => 
    array (
      0 => 
      MercadoPago\ErrorCause::__set_state(array(
         'code' => 2056,
         'description' => 'Binary Mode can\'t be false.',
      )),
    ),
  )),
   '_pagination_params' => NULL,
   '_empty' => false,
))

